[01.08.2021] 21:08:03 AidenFox attemping to log from [RU]Russia Moscow...
[01.08.2021] 21:08:03 Successful authorisation for Unknown bruter - `E6ojzwZ9YOlOpBPHhaMjs0tPSOqtffYNfV8KRsO674=` with the correct HWID
[02.08.2021] 09:08:38 AidenFox attemping to log from [RU]Russia Moscow...
[02.08.2021] 09:08:38 Incorrect HWID for AidenFox IP is - 31.173.80.148 Bruted by AidenFox
[02.08.2021] 09:08:12 AidenFox attemping to log from [RU]Russia Moscow...
[02.08.2021] 09:08:12 Successful authorisation for AidenFox with the correct HWID
[02.08.2021] 09:08:19 AidenFox attemping to log from [RU]Russia Moscow...
[02.08.2021] 09:08:19 Successful authorisation for AidenFox with the correct HWID
[02.08.2021] 13:08:32 AidenFox attemping to log from [RU]Russia Moscow...
[02.08.2021] 13:08:32 Successful authorisation for AidenFox with the correct HWID
[02.08.2021] 15:08:05 AidenFox attemping to log from [RU]Russia Moscow...
[02.08.2021] 15:08:05 Successful authorisation for AidenFox with the correct HWID
[02.08.2021] 15:08:08 AidenFox attemping to log from [RU]Russia Moscow...
[02.08.2021] 15:08:08 Successful authorisation for AidenFox with the correct HWID
[02.08.2021] 15:08:37 AidenFox attemping to log from [RU]Russia Moscow...
[02.08.2021] 15:08:37 Successful authorisation for AidenFox with the correct HWID
[02.08.2021] 15:08:17 Banning 31.173.80.148 on 1m
[02.08.2021] 15:08:17 AidenFox attemping to log from [RU]Russia Moscow...
[02.08.2021] 15:08:17 Successful authorisation for AidenFox with the correct HWID
[02.08.2021] 17:08:40 AidenFox attemping to log from [RU]Russia Moscow...
[02.08.2021] 17:08:40 Successful authorisation for AidenFox with the correct HWID
[02.08.2021] 17:08:08 AidenFox attemping to log from [RU]Russia Moscow...
[02.08.2021] 17:08:08 Successful authorisation for AidenFox with the correct HWID
